[debug] [2019-08-21T21:53:32.321Z] ----------------------------------------------------------------------
[debug] [2019-08-21T21:53:32.323Z] Command:       /usr/bin/node /usr/local/bin/firebase deploy
[debug] [2019-08-21T21:53:32.323Z] CLI Version:   7.2.2
[debug] [2019-08-21T21:53:32.323Z] Platform:      linux
[debug] [2019-08-21T21:53:32.323Z] Node Version:  v10.15.2
[debug] [2019-08-21T21:53:32.324Z] Time:          Wed Aug 21 2019 23:53:32 GMT+0200 (Central European Summer Time)
[debug] [2019-08-21T21:53:32.324Z] ----------------------------------------------------------------------
[debug] 
[debug] [2019-08-21T21:53:32.335Z] > command requires scopes: ["email","openid","https://www.googleapis.com/auth/cloudplatformprojects.readonly","https://www.googleapis.com/auth/firebase","https://www.googleapis.com/auth/cloud-platform"]
[debug] [2019-08-21T21:53:32.335Z] > authorizing via signed-in user
[debug] [2019-08-21T21:53:32.335Z] [iam] checking project gimmecock-d7199 for permissions ["firebase.projects.get","firebasehosting.sites.update"]
[debug] [2019-08-21T21:53:32.337Z] > refreshing access token with scopes: ["email","https://www.googleapis.com/auth/cloud-platform","https://www.googleapis.com/auth/cloudplatformprojects.readonly","https://www.googleapis.com/auth/firebase","openid"]
[debug] [2019-08-21T21:53:32.337Z] >>> HTTP REQUEST POST https://www.googleapis.com/oauth2/v3/token  
 <request body omitted>
[debug] [2019-08-21T21:53:32.521Z] <<< HTTP RESPONSE 200
[debug] [2019-08-21T21:53:32.530Z] >>> HTTP REQUEST POST https://cloudresourcemanager.googleapis.com/v1/projects/gimmecock-d7199:testIamPermissions  

[debug] [2019-08-21T21:53:33.400Z] <<< HTTP RESPONSE 200
[debug] [2019-08-21T21:53:33.403Z] >>> HTTP REQUEST GET https://firebase.googleapis.com/v1beta1/projects/gimmecock-d7199  
 
[debug] [2019-08-21T21:53:33.804Z] <<< HTTP RESPONSE 200
[info] 
[info] === Deploying to 'gimmecock-d7199'...
[info] 
[info] i  deploying hosting
[info] Running command: yarn build
